<?xml version="1.0" encoding="UTF-8"?>
<!-- Generated by org.testng.reporters.JUnitReportReporter -->
<testsuite hostname="Nadsoft" failures="0" tests="5" name="WebElementTest" time="1.094" errors="0" timestamp="2023-06-07T11:16:16 EET" skipped="0">
  <testcase classname="WebElementTest" name="Textarea_practice" time="0.474"/>
  <system-out/>
  <testcase classname="WebElementTest" name="Radio_Button_practice" time="0.078"/>
  <system-out/>
  <testcase classname="WebElementTest" name="CheckBox_practice" time="0.416"/>
  <system-out/>
  <testcase classname="WebElementTest" name="drop_down_list" time="0.126"/>
  <system-out/>
  <testcase classname="WebElementTest" name="upload_file" time="0.000"/>
  <system-out/>
</testsuite> <!-- WebElementTest -->
